<?xml version="1.0" encoding="UTF-8"?>
<!-- Generated by org.testng.reporters.JUnitXMLReporter -->
<testsuite ignored="0" hostname="RKAINS007" failures="1" tests="1" name="Test" time="10.369" errors="0" timestamp="06 Jun 2023 07:13:55 GMT">
  <testcase classname="Testingamaz.TestNGamaz" name="test" time="2.327">
    <failure type="java.lang.AssertionError" message="expected [https://www.amazon.in/] but found [https://www.amazon.in/ap/signin]">
      <![CDATA[java.lang.AssertionError: expected [https://www.amazon.in/] but found [https://www.amazon.in/ap/signin]
at Testingamaz.TestNGamaz.test(TestNGamaz.java:62)
... Removed 29 stack frames]]>
    </failure>
  </testcase> <!-- test -->
</testsuite> <!-- Test -->
