<?xml version="1.0" encoding="UTF-8"?>
<testsuite xmlns:xsi="http://www.w3.org/2001/XMLSchema-instance" xsi:noNamespaceSchemaLocation="https://maven.apache.org/surefire/maven-surefire-plugin/xsd/surefire-test-report-3.0.xsd" version="3.0" name="TestSuite" time="55.862" tests="5" errors="0" skipped="4" failures="1">
  <properties>
[...]
</properties>
  <testcase name="beforeClass" classname="TestWatchVid.Register" time="55.631">
    <failure message="session not created: This version of ChromeDriver only supports Chrome version 106&#10;Current browser version is 109.0.5414.75 with binary path C:\Program Files\Google\Chrome\Application\chrome.exe&#10;Build info: version: &apos;3.141.59&apos;, revision: &apos;e82be7d358&apos;, time: &apos;2018-11-14T08:17:03&apos;&#10;System info: host: &apos;RKAINS007&apos;, ip: &apos;192.168.142.234&apos;, os.name: &apos;Windows 11&apos;, os.arch: &apos;amd64&apos;, os.version: &apos;10.0&apos;, java.version: &apos;17.0.5&apos;&#10;Driver info: driver.version: ChromeDriver&#10;remote stacktrace: Backtrace:&#10;	Ordinal0 [0x00851ED3+2236115]&#10;	Ordinal0 [0x007E92F1+1807089]&#10;	Ordinal0 [0x006F66FD+812797]&#10;	Ordinal0 [0x00718C6D+953453]&#10;	Ordinal0 [0x00714200+934400]&#10;	Ordinal0 [0x007119C9+924105]&#10;	Ordinal0 [0x0074806C+1146988]&#10;	Ordinal0 [0x00747A6A+1145450]&#10;	Ordinal0 [0x007418A6+1120422]&#10;	Ordinal0 [0x0071A73D+960317]&#10;	Ordinal0 [0x0071B71F+964383]&#10;	GetHandleVerifier [0x00AFE7E2+2743074]&#10;	GetHandleVerifier [0x00AF08D4+2685972]&#10;	GetHandleVerifier [0x008E2BAA+532202]&#10;	GetHandleVerifier [0x008E1990+527568]&#10;	Ordinal0 [0x007F080C+1837068]&#10;	Ordinal0 [0x007F4CD8+1854680]&#10;	Ordinal0 [0x007F4DC5+1854917]&#10;	Ordinal0 [0x007FED64+1895780]&#10;	BaseThreadInitThunk [0x76847D69+25]&#10;	RtlInitializeExceptionChain [0x77E0BB9B+107]&#10;	RtlClearBits [0x77E0BB1F+191]&#10;" type="org.openqa.selenium.SessionNotCreatedException"><![CDATA[org.openqa.selenium.SessionNotCreatedException: 
session not created: This version of ChromeDriver only supports Chrome version 106
Current browser version is 109.0.5414.75 with binary path C:\Program Files\Google\Chrome\Application\chrome.exe
Build info: version: '3.141.59', revision: 'e82be7d358', time: '2018-11-14T08:17:03'
System info: host: 'RKAINS007', ip: '192.168.142.234', os.name: 'Windows 11', os.arch: 'amd64', os.version: '10.0', java.version: '17.0.5'
Driver info: driver.version: ChromeDriver
remote stacktrace: Backtrace:
	Ordinal0 [0x00851ED3+2236115]
	Ordinal0 [0x007E92F1+1807089]
	Ordinal0 [0x006F66FD+812797]
	Ordinal0 [0x00718C6D+953453]
	Ordinal0 [0x00714200+934400]
	Ordinal0 [0x007119C9+924105]
	Ordinal0 [0x0074806C+1146988]
	Ordinal0 [0x00747A6A+1145450]
	Ordinal0 [0x007418A6+1120422]
	Ordinal0 [0x0071A73D+960317]
	Ordinal0 [0x0071B71F+964383]
	GetHandleVerifier [0x00AFE7E2+2743074]
	GetHandleVerifier [0x00AF08D4+2685972]
	GetHandleVerifier [0x008E2BAA+532202]
	GetHandleVerifier [0x008E1990+527568]
	Ordinal0 [0x007F080C+1837068]
	Ordinal0 [0x007F4CD8+1854680]
	Ordinal0 [0x007F4DC5+1854917]
	Ordinal0 [0x007FED64+1895780]
	BaseThreadInitThunk [0x76847D69+25]
	RtlInitializeExceptionChain [0x77E0BB9B+107]
	RtlClearBits [0x77E0BB1F+191]

	at java.base/jdk.internal.reflect.NativeConstructorAccessorImpl.newInstance0(Native Method)
	at java.base/jdk.internal.reflect.NativeConstructorAccessorImpl.newInstance(NativeConstructorAccessorImpl.java:77)
	at java.base/jdk.internal.reflect.DelegatingConstructorAccessorImpl.newInstance(DelegatingConstructorAccessorImpl.java:45)
	at java.base/java.lang.reflect.Constructor.newInstanceWithCaller(Constructor.java:499)
	at java.base/java.lang.reflect.Constructor.newInstance(Constructor.java:480)
	at org.openqa.selenium.remote.W3CHandshakeResponse.lambda$errorHandler$0(W3CHandshakeResponse.java:62)
	at org.openqa.selenium.remote.HandshakeResponse.lambda$getResponseFunction$0(HandshakeResponse.java:30)
	at org.openqa.selenium.remote.ProtocolHandshake.lambda$createSession$0(ProtocolHandshake.java:126)
	at java.base/java.util.stream.ReferencePipeline$3$1.accept(ReferencePipeline.java:197)
	at java.base/java.util.Spliterators$ArraySpliterator.tryAdvance(Spliterators.java:1002)
	at java.base/java.util.stream.ReferencePipeline.forEachWithCancel(ReferencePipeline.java:129)
	at java.base/java.util.stream.AbstractPipeline.copyIntoWithCancel(AbstractPipeline.java:527)
	at java.base/java.util.stream.AbstractPipeline.copyInto(AbstractPipeline.java:513)
	at java.base/java.util.stream.AbstractPipeline.wrapAndCopyInto(AbstractPipeline.java:499)
	at java.base/java.util.stream.FindOps$FindOp.evaluateSequential(FindOps.java:150)
	at java.base/java.util.stream.AbstractPipeline.evaluate(AbstractPipeline.java:234)
	at java.base/java.util.stream.ReferencePipeline.findFirst(ReferencePipeline.java:647)
	at org.openqa.selenium.remote.ProtocolHandshake.createSession(ProtocolHandshake.java:128)
	at org.openqa.selenium.remote.ProtocolHandshake.createSession(ProtocolHandshake.java:74)
	at org.openqa.selenium.remote.HttpCommandExecutor.execute(HttpCommandExecutor.java:136)
	at org.openqa.selenium.remote.service.DriverCommandExecutor.execute(DriverCommandExecutor.java:83)
	at org.openqa.selenium.remote.RemoteWebDriver.execute(RemoteWebDriver.java:552)
	at org.openqa.selenium.remote.RemoteWebDriver.startSession(RemoteWebDriver.java:213)
	at org.openqa.selenium.remote.RemoteWebDriver.<init>(RemoteWebDriver.java:131)
	at org.openqa.selenium.chrome.ChromeDriver.<init>(ChromeDriver.java:181)
	at org.openqa.selenium.chrome.ChromeDriver.<init>(ChromeDriver.java:168)
	at org.openqa.selenium.chrome.ChromeDriver.<init>(ChromeDriver.java:123)
	at TestWatchVid.Register.beforeClass(Register.java:36)
	at java.base/jdk.internal.reflect.NativeMethodAccessorImpl.invoke0(Native Method)
	at java.base/jdk.internal.reflect.NativeMethodAccessorImpl.invoke(NativeMethodAccessorImpl.java:77)
	at java.base/jdk.internal.reflect.DelegatingMethodAccessorImpl.invoke(DelegatingMethodAccessorImpl.java:43)
	at java.base/java.lang.reflect.Method.invoke(Method.java:568)
	at org.testng.internal.MethodInvocationHelper.invokeMethod(MethodInvocationHelper.java:124)
	at org.testng.internal.MethodInvocationHelper.invokeMethodConsideringTimeout(MethodInvocationHelper.java:59)
	at org.testng.internal.Invoker.invokeConfigurationMethod(Invoker.java:458)
	at org.testng.internal.Invoker.invokeConfigurations(Invoker.java:222)
	at org.testng.internal.Invoker.invokeConfigurations(Invoker.java:142)
	at org.testng.internal.TestMethodWorker.invokeBeforeClassMethods(TestMethodWorker.java:168)
	at org.testng.internal.TestMethodWorker.run(TestMethodWorker.java:105)
	at org.testng.TestRunner.privateRun(TestRunner.java:648)
	at org.testng.TestRunner.run(TestRunner.java:505)
	at org.testng.SuiteRunner.runTest(SuiteRunner.java:455)
	at org.testng.SuiteRunner.runSequentially(SuiteRunner.java:450)
	at org.testng.SuiteRunner.privateRun(SuiteRunner.java:415)
	at org.testng.SuiteRunner.run(SuiteRunner.java:364)
	at org.testng.SuiteRunnerWorker.runSuite(SuiteRunnerWorker.java:52)
	at org.testng.SuiteRunnerWorker.run(SuiteRunnerWorker.java:84)
	at org.testng.TestNG.runSuitesSequentially(TestNG.java:1208)
	at org.testng.TestNG.runSuitesLocally(TestNG.java:1137)
	at org.testng.TestNG.runSuites(TestNG.java:1049)
	at org.testng.TestNG.run(TestNG.java:1017)
	at org.apache.maven.surefire.testng.TestNGExecutor.run(TestNGExecutor.java:324)
	at org.apache.maven.surefire.testng.TestNGXmlTestSuite.execute(TestNGXmlTestSuite.java:74)
	at org.apache.maven.surefire.testng.TestNGProvider.invoke(TestNGProvider.java:123)
	at org.apache.maven.surefire.booter.ForkedBooter.runSuitesInProcess(ForkedBooter.java:456)
	at org.apache.maven.surefire.booter.ForkedBooter.execute(ForkedBooter.java:169)
	at org.apache.maven.surefire.booter.ForkedBooter.run(ForkedBooter.java:595)
	at org.apache.maven.surefire.booter.ForkedBooter.main(ForkedBooter.java:581)
]]></failure>
    <system-out><![CDATA[[TestNGContentHandler] [WARN] It is strongly recommended to add "<!DOCTYPE suite SYSTEM "http://testng.org/testng-1.0.dtd" >" at the top of your file, otherwise TestNG may fail or not work as expected.
before class is running
]]></system-out>
    <system-err><![CDATA[Starting ChromeDriver 106.0.5249.61 (511755355844955cd3e264779baf0dd38212a4d0-refs/branch-heads/5249@{#569}) on port 59950
Only local connections are allowed.
Please see https://chromedriver.chromium.org/security-considerations for suggestions on keeping ChromeDriver safe.
ChromeDriver was started successfully.
]]></system-err>
  </testcase>
  <testcase name="beforeMethod" classname="TestWatchVid.Register" time="0">
    <skipped/>
  </testcase>
  <testcase name="byju" classname="TestWatchVid.Register" time="0">
    <skipped message="session not created: This version of ChromeDriver only supports Chrome version 106&#10;Current browser version is 109.0.5414.75 with binary path C:\Program Files\Google\Chrome\Application\chrome.exe&#10;Build info: version: &apos;3.141.59&apos;, revision: &apos;e82be7d358&apos;, time: &apos;2018-11-14T08:17:03&apos;&#10;System info: host: &apos;RKAINS007&apos;, ip: &apos;192.168.142.234&apos;, os.name: &apos;Windows 11&apos;, os.arch: &apos;amd64&apos;, os.version: &apos;10.0&apos;, java.version: &apos;17.0.5&apos;&#10;Driver info: driver.version: ChromeDriver&#10;remote stacktrace: Backtrace:&#10;	Ordinal0 [0x00851ED3+2236115]&#10;	Ordinal0 [0x007E92F1+1807089]&#10;	Ordinal0 [0x006F66FD+812797]&#10;	Ordinal0 [0x00718C6D+953453]&#10;	Ordinal0 [0x00714200+934400]&#10;	Ordinal0 [0x007119C9+924105]&#10;	Ordinal0 [0x0074806C+1146988]&#10;	Ordinal0 [0x00747A6A+1145450]&#10;	Ordinal0 [0x007418A6+1120422]&#10;	Ordinal0 [0x0071A73D+960317]&#10;	Ordinal0 [0x0071B71F+964383]&#10;	GetHandleVerifier [0x00AFE7E2+2743074]&#10;	GetHandleVerifier [0x00AF08D4+2685972]&#10;	GetHandleVerifier [0x008E2BAA+532202]&#10;	GetHandleVerifier [0x008E1990+527568]&#10;	Ordinal0 [0x007F080C+1837068]&#10;	Ordinal0 [0x007F4CD8+1854680]&#10;	Ordinal0 [0x007F4DC5+1854917]&#10;	Ordinal0 [0x007FED64+1895780]&#10;	BaseThreadInitThunk [0x76847D69+25]&#10;	RtlInitializeExceptionChain [0x77E0BB9B+107]&#10;	RtlClearBits [0x77E0BB1F+191]&#10;"/>
  </testcase>
  <testcase name="afterMethod" classname="TestWatchVid.Register" time="0">
    <skipped/>
  </testcase>
  <testcase name="afterclass" classname="TestWatchVid.Register" time="0">
    <skipped/>
  </testcase>
</testsuite>