<?xml version="1.0" encoding="UTF-8"?>
<testng-results ignored="0" total="1" passed="1" failed="0" skipped="0">
  <reporter-output>
  </reporter-output>
  <suite started-at="2023-06-08T18:44:43 IST" name="Default suite" finished-at="2023-06-08T18:44:44 IST" duration-ms="107">
    <groups>
    </groups>
    <test started-at="2023-06-08T18:44:43 IST" name="Default test" finished-at="2023-06-08T18:44:44 IST" duration-ms="107">
      <class name="SeleniumTest.SoftAssert">
        <test-method signature="softssert()[pri:0, instance:SeleniumTest.SoftAssert@39529185]" started-at="2023-06-08T18:44:44 IST" name="softssert" finished-at="2023-06-08T18:44:44 IST" duration-ms="22" status="PASS">
          <reporter-output>
          </reporter-output>
        </test-method> <!-- softssert -->
      </class> <!-- SeleniumTest.SoftAssert -->
    </test> <!-- Default test -->
  </suite> <!-- Default suite -->
</testng-results>
