<?xml version="1.0" encoding="UTF-8"?>
<!-- Generated by org.testng.reporters.JUnitXMLReporter -->
<testsuite ignored="1" hostname="RKAINS007" failures="1" tests="1" name="Test" time="25.216" errors="0" timestamp="16 Nov 2022 11:49:44 GMT">
  <testcase classname="TestingKhsn.TestNG" name="teacher" time="3.13">
    <failure type="java.lang.AssertionError" message="expected [https://www.khanacademy.org/profile/me/teacher] but found [https://www.khanacademy.org/profile/me/teachers]">
      <![CDATA[java.lang.AssertionError: expected [https://www.khanacademy.org/profile/me/teacher] but found [https://www.khanacademy.org/profile/me/teachers]
at TestingKhsn.TestNG.teacher(TestNG.java:60)
... Removed 29 stack frames]]>
    </failure>
  </testcase> <!-- teacher -->
  <testcase classname="TestingKhsn.TestNG" name="profile" time="0.0">
    <ignored/>
  </testcase> <!-- profile -->
</testsuite> <!-- Test -->
